peter
123456
password
12345678
peter
qwerty
123456789
12345
peter
1234
111111
1234567
peter
dragon
123123
baseball
peter
abc123
football
monkey
peter
letmein
shadow
master
peter
666666
qwertyuiop
123321
peter
mustang
1234567890
michael
peter
654321
superman
1qaz2wsx
peter
7777777
121212
000000
peter
qazwsx
123qwe
killer
peter
trustno1
jordan
jennifer
peter
zxcvbnm
asdfgh
hunter
peter
buster
soccer
harley
peter
batman
andrew
tigger
peter
sunshine
iloveyou
2000
peter
charlie
robert
thomas
peter
hockey
ranger
daniel
peter
starwars
klaster
112233
peter
george
computer
michelle
peter
jessica
pepper
1111
peter
zxcvbn
555555
11111111
peter
131313
freedom
777777
peter
pass
maggie
159753
peter
aaaaaa
ginger
princess
peter
joshua
cheese
amanda
peter
summer
love
ashley
peter
nicole
chelsea
biteme
peter
matthew
access
yankees
peter
987654321
dallas
austin
peter
thunder
taylor
matrix
peter
mobilemail
mom
monitor
peter
monitoring
montana
moon
peter
moscow
